<?xml version="1.0" encoding="UTF-8"?>
<testsuites>
  <testsuite name="/var/www/web/modules/custom/custom_hello/tests/src/Unit" tests="1" assertions="2" errors="0" warnings="0" failures="0" skipped="0" time="0.005712">
    <testsuite name="Drupal\Tests\custom_hello\Unit\HelloControllerTest" file="/var/www/web/modules/custom/custom_hello/tests/src/Unit/HelloControllerTest.php" tests="1" assertions="2" errors="0" warnings="0" failures="0" skipped="0" time="0.005712">
      <testcase name="testContent" class="Drupal\Tests\custom_hello\Unit\HelloControllerTest" classname="Drupal.Tests.custom_hello.Unit.HelloControllerTest" file="/var/www/web/modules/custom/custom_hello/tests/src/Unit/HelloControllerTest.php" line="18" assertions="2" time="0.005712"/>
    </testsuite>
  </testsuite>
</testsuites>
