<?xml version="1.0" encoding="UTF-8"?>
<testsuites>
  <testsuite name="/var/www/web/modules/custom/custom_hello/tests/src/Unit" tests="2" assertions="3" errors="0" warnings="0" failures="0" skipped="0" time="0.005550">
    <testsuite name="Drupal\Tests\custom_hello\Unit\GreetingServiceTest" file="/var/www/web/modules/custom/custom_hello/tests/src/Unit/GreetingServiceTest.php" tests="1" assertions="1" errors="0" warnings="0" failures="0" skipped="0" time="0.005087">
      <testcase name="testGetGreeting" class="Drupal\Tests\custom_hello\Unit\GreetingServiceTest" classname="Drupal.Tests.custom_hello.Unit.GreetingServiceTest" file="/var/www/web/modules/custom/custom_hello/tests/src/Unit/GreetingServiceTest.php" line="10" assertions="1" time="0.005087"/>
    </testsuite>
    <testsuite name="Drupal\Tests\custom_hello\Unit\HelloControllerTest" file="/var/www/web/modules/custom/custom_hello/tests/src/Unit/HelloControllerTest.php" tests="1" assertions="2" errors="0" warnings="0" failures="0" skipped="0" time="0.000463">
      <testcase name="testContent" class="Drupal\Tests\custom_hello\Unit\HelloControllerTest" classname="Drupal.Tests.custom_hello.Unit.HelloControllerTest" file="/var/www/web/modules/custom/custom_hello/tests/src/Unit/HelloControllerTest.php" line="18" assertions="2" time="0.000463"/>
    </testsuite>
  </testsuite>
</testsuites>
